1480056471382	geckodriver	INFO	Listening on 127.0.0.1:53938
1480056472378	mozprofile::profile	INFO	Using profile path /var/folders/_z/zvbr38zd1rs1p0r894r6_rph0000gn/T/rust_mozprofile.CoRD5ooYfDlI
1480056472380	geckodriver::marionette	INFO	Starting browser /Applications/Firefox.app/Contents/MacOS/firefox-bin
1480056472399	geckodriver::marionette	INFO	Connecting to Marionette on localhost:53944
[warn] kq_init: detected broken kqueue; not using.: Undefined error: 0
1480056472970	Marionette	INFO	Listening on port 53944
[warn] kq_init: detected broken kqueue; not using.: Undefined error: 0
1480056536191	geckodriver	INFO	Listening on 127.0.0.1:53979
1480056537197	mozprofile::profile	INFO	Using profile path /var/folders/_z/zvbr38zd1rs1p0r894r6_rph0000gn/T/rust_mozprofile.VFkIhSEyfwDH
1480056537198	geckodriver::marionette	INFO	Starting browser /Applications/Firefox.app/Contents/MacOS/firefox-bin
1480056537201	geckodriver::marionette	INFO	Connecting to Marionette on localhost:53985
[warn] kq_init: detected broken kqueue; not using.: Undefined error: 0
1480056537707	Marionette	INFO	Listening on port 53985
[warn] kq_init: detected broken kqueue; not using.: Undefined error: 0
1480056623068	geckodriver	INFO	Listening on 127.0.0.1:54058
1480056624069	mozprofile::profile	INFO	Using profile path /var/folders/_z/zvbr38zd1rs1p0r894r6_rph0000gn/T/rust_mozprofile.QWSrLl4Jk8iS
1480056624070	geckodriver::marionette	INFO	Starting browser /Applications/Firefox.app/Contents/MacOS/firefox-bin
1480056624073	geckodriver::marionette	INFO	Connecting to Marionette on localhost:54064
[warn] kq_init: detected broken kqueue; not using.: Undefined error: 0
1480056624607	Marionette	INFO	Listening on port 54064
[warn] kq_init: detected broken kqueue; not using.: Undefined error: 0
1480056991501	geckodriver	INFO	Listening on 127.0.0.1:54150
1480056992513	mozprofile::profile	INFO	Using profile path /var/folders/_z/zvbr38zd1rs1p0r894r6_rph0000gn/T/rust_mozprofile.XJE9MDF5MMT4
1480056992514	geckodriver::marionette	INFO	Starting browser /Applications/Firefox.app/Contents/MacOS/firefox-bin
1480056992517	geckodriver::marionette	INFO	Connecting to Marionette on localhost:54156
[warn] kq_init: detected broken kqueue; not using.: Undefined error: 0
1480056993085	Marionette	INFO	Listening on port 54156
[warn] kq_init: detected broken kqueue; not using.: Undefined error: 0
